app/build/intermediates/manifest_merge_blame_file/debug/manifest-merger-blame-debug-report.txt
1<?xml version="1.0" encoding="utf-8"?>
2<manifest xmlns:android="http://schemas.android.com/apk/res/android"
3    package="com.pindex.main"
4    android:versionCode="1"
5    android:versionName="1.0" >
6
7    <uses-sdk
8        android:minSdkVersion="21"
8-->src/main/AndroidManifest.xml
9        android:targetSdkVersion="30" />
9-->src/main/AndroidManifest.xml
10
11    <uses-permission android:name="android.permission.REORDER_TASKS" />
11-->[androidx.fragment:fragment-testing:1.2.5] AndroidManifest.xml:25:5-72
11-->[androidx.fragment:fragment-testing:1.2.5] AndroidManifest.xml:25:22-69
12    <uses-permission android:name="android.permission.INTERNET" />
12-->[com.google.firebase:firebase-auth:20.0.2] AndroidManifest.xml:23:5-67
12-->[com.google.firebase:firebase-auth:20.0.2] AndroidManifest.xml:23:22-64
13    <uses-permission android:name="android.permission.ACCESS_NETWORK_STATE" />
13-->[com.google.firebase:firebase-auth:20.0.2] AndroidManifest.xml:24:5-79
13-->[com.google.firebase:firebase-auth:20.0.2] AndroidManifest.xml:24:22-76
14
15    <application
15-->src/main/AndroidManifest.xml:5:5-22:19
16        android:name="com.pindex.main.MainApplication"
16-->src/main/AndroidManifest.xml:6:9-40
17        android:allowBackup="true"
17-->src/main/AndroidManifest.xml:7:9-35
18        android:appComponentFactory="androidx.core.app.CoreComponentFactory"
18-->[androidx.core:core:1.5.0-alpha01] AndroidManifest.xml:24:18-86
19        android:debuggable="true"
20        android:icon="@mipmap/ic_launcher"
20-->src/main/AndroidManifest.xml:8:9-43
21        android:label="@string/app_name"
21-->src/main/AndroidManifest.xml:9:9-41
22        android:roundIcon="@mipmap/ic_launcher_round"
22-->src/main/AndroidManifest.xml:10:9-54
23        android:supportsRtl="true"
23-->src/main/AndroidManifest.xml:11:9-35
24        android:testOnly="true"
25        android:theme="@style/Theme.Pindex" >
25-->src/main/AndroidManifest.xml:12:9-44
26        <activity android:name="com.pindex.main.home.HomeActivity" >
26-->src/main/AndroidManifest.xml:13:9-18:20
26-->src/main/AndroidManifest.xml:13:19-67
27            <intent-filter>
27-->src/main/AndroidManifest.xml:14:13-17:29
28                <action android:name="android.intent.action.MAIN" />
28-->src/main/AndroidManifest.xml:15:17-69
28-->src/main/AndroidManifest.xml:15:25-66
29
30                <category android:name="android.intent.category.LAUNCHER" />
30-->src/main/AndroidManifest.xml:16:17-77
30-->src/main/AndroidManifest.xml:16:27-74
31            </intent-filter>
32        </activity>
33        <activity
33-->src/main/AndroidManifest.xml:19:9-21:20
34            android:name="com.pindex.main.home.ExperienceActivity"
34-->src/main/AndroidManifest.xml:19:19-73
35            android:parentActivityName="com.pindex.main.home.HomeActivity" >
35-->src/main/AndroidManifest.xml:20:13-60
36        </activity>
37        <activity
37-->[androidx.fragment:fragment-testing:1.2.5] AndroidManifest.xml:28:9-37:20
38            android:name="androidx.fragment.app.testing.FragmentScenario$EmptyFragmentActivity"
38-->[androidx.fragment:fragment-testing:1.2.5] AndroidManifest.xml:29:13-96
39            android:exported="true"
39-->[androidx.fragment:fragment-testing:1.2.5] AndroidManifest.xml:30:13-36
40            android:multiprocess="true"
40-->[androidx.fragment:fragment-testing:1.2.5] AndroidManifest.xml:31:13-40
41            android:taskAffinity=""
41-->[androidx.fragment:fragment-testing:1.2.5] AndroidManifest.xml:32:13-36
42            android:theme="@style/FragmentScenarioEmptyFragmentActivityTheme" >
42-->[androidx.fragment:fragment-testing:1.2.5] AndroidManifest.xml:33:13-78
43            <intent-filter>
43-->[androidx.fragment:fragment-testing:1.2.5] AndroidManifest.xml:34:13-36:29
44                <action android:name="android.intent.action.MAIN" />
44-->src/main/AndroidManifest.xml:15:17-69
44-->src/main/AndroidManifest.xml:15:25-66
45            </intent-filter>
46        </activity>
47
48        <service
48-->[com.google.firebase:firebase-storage-ktx:19.2.1] AndroidManifest.xml:12:9-18:19
49            android:name="com.google.firebase.components.ComponentDiscoveryService"
49-->[com.google.firebase:firebase-storage-ktx:19.2.1] AndroidManifest.xml:13:13-84
50            android:directBootAware="true"
50-->[com.google.firebase:firebase-common:19.5.0] AndroidManifest.xml:35:13-43
51            android:exported="false" >
51-->[com.google.firebase:firebase-storage-ktx:19.2.1] AndroidManifest.xml:14:13-37
52            <meta-data
52-->[com.google.firebase:firebase-storage-ktx:19.2.1] AndroidManifest.xml:15:13-17:85
53                android:name="com.google.firebase.components:com.google.firebase.storage.ktx.FirebaseStorageKtxRegistrar"
53-->[com.google.firebase:firebase-storage-ktx:19.2.1] AndroidManifest.xml:16:17-122
54                android:value="com.google.firebase.components.ComponentRegistrar" />
54-->[com.google.firebase:firebase-storage-ktx:19.2.1] AndroidManifest.xml:17:17-82
55            <meta-data
55-->[com.google.firebase:firebase-firestore-ktx:22.0.1] AndroidManifest.xml:15:13-17:85
56                android:name="com.google.firebase.components:com.google.firebase.firestore.ktx.FirebaseFirestoreKtxRegistrar"
56-->[com.google.firebase:firebase-firestore-ktx:22.0.1] AndroidManifest.xml:16:17-126
57                android:value="com.google.firebase.components.ComponentRegistrar" />
57-->[com.google.firebase:firebase-firestore-ktx:22.0.1] AndroidManifest.xml:17:17-82
58            <meta-data
58-->[com.google.firebase:firebase-auth-ktx:20.0.2] AndroidManifest.xml:11:13-13:85
59                android:name="com.google.firebase.components:com.google.firebase.auth.ktx.FirebaseAuthKtxRegistrar"
59-->[com.google.firebase:firebase-auth-ktx:20.0.2] AndroidManifest.xml:12:17-116
60                android:value="com.google.firebase.components.ComponentRegistrar" />
60-->[com.google.firebase:firebase-auth-ktx:20.0.2] AndroidManifest.xml:13:17-82
61            <meta-data
61-->[com.google.firebase:firebase-common-ktx:19.5.0] AndroidManifest.xml:15:13-17:85
62                android:name="com.google.firebase.components:com.google.firebase.ktx.FirebaseCommonKtxRegistrar"
62-->[com.google.firebase:firebase-common-ktx:19.5.0] AndroidManifest.xml:16:17-113
63                android:value="com.google.firebase.components.ComponentRegistrar" />
63-->[com.google.firebase:firebase-common-ktx:19.5.0] AndroidManifest.xml:17:17-82
64            <meta-data
64-->[com.google.firebase:firebase-auth:20.0.2] AndroidManifest.xml:77:13-79:85
65                android:name="com.google.firebase.components:com.google.firebase.auth.FirebaseAuthRegistrar"
65-->[com.google.firebase:firebase-auth:20.0.2] AndroidManifest.xml:78:17-109
66                android:value="com.google.firebase.components.ComponentRegistrar" />
66-->[com.google.firebase:firebase-auth:20.0.2] AndroidManifest.xml:79:17-82
67            <meta-data
67-->[com.google.firebase:firebase-firestore:22.0.1] AndroidManifest.xml:20:13-22:85
68                android:name="com.google.firebase.components:com.google.firebase.firestore.FirestoreRegistrar"
68-->[com.google.firebase:firebase-firestore:22.0.1] AndroidManifest.xml:21:17-111
69                android:value="com.google.firebase.components.ComponentRegistrar" />
69-->[com.google.firebase:firebase-firestore:22.0.1] AndroidManifest.xml:22:17-82
70            <meta-data
70-->[com.google.firebase:firebase-storage:19.2.1] AndroidManifest.xml:33:13-35:85
71                android:name="com.google.firebase.components:com.google.firebase.storage.StorageRegistrar"
71-->[com.google.firebase:firebase-storage:19.2.1] AndroidManifest.xml:34:17-107
72                android:value="com.google.firebase.components.ComponentRegistrar" />
72-->[com.google.firebase:firebase-storage:19.2.1] AndroidManifest.xml:35:17-82
73            <!--
74                This registrar is not defined in the dynamic-module-support sdk itself to allow non-firebase
75                clients to use it as well, by defining this registrar in their own core/common library.
76            -->
77            <meta-data
77-->[com.google.firebase:firebase-common:19.5.0] AndroidManifest.xml:43:13-45:85
78                android:name="com.google.firebase.components:com.google.firebase.dynamicloading.DynamicLoadingRegistrar"
78-->[com.google.firebase:firebase-common:19.5.0] AndroidManifest.xml:44:17-121
79                android:value="com.google.firebase.components.ComponentRegistrar" />
79-->[com.google.firebase:firebase-common:19.5.0] AndroidManifest.xml:45:17-82
80        </service>
81
82        <activity
82-->[com.google.firebase:firebase-auth:20.0.2] AndroidManifest.xml:27:9-44:20
83            android:name="com.google.firebase.auth.internal.GenericIdpActivity"
83-->[com.google.firebase:firebase-auth:20.0.2] AndroidManifest.xml:28:13-80
84            android:excludeFromRecents="true"
84-->[com.google.firebase:firebase-auth:20.0.2] AndroidManifest.xml:29:13-46
85            android:exported="true"
85-->[com.google.firebase:firebase-auth:20.0.2] AndroidManifest.xml:30:13-36
86            android:launchMode="singleTask"
86-->[com.google.firebase:firebase-auth:20.0.2] AndroidManifest.xml:31:13-44
87            android:theme="@android:style/Theme.Translucent.NoTitleBar" >
87-->[com.google.firebase:firebase-auth:20.0.2] AndroidManifest.xml:32:13-72
88            <intent-filter>
88-->[com.google.firebase:firebase-auth:20.0.2] AndroidManifest.xml:33:13-43:29
89                <action android:name="android.intent.action.VIEW" />
89-->[com.google.firebase:firebase-auth:20.0.2] AndroidManifest.xml:34:17-69
89-->[com.google.firebase:firebase-auth:20.0.2] AndroidManifest.xml:34:25-66
90
91                <category android:name="android.intent.category.DEFAULT" />
91-->[com.google.firebase:firebase-auth:20.0.2] AndroidManifest.xml:36:17-76
91-->[com.google.firebase:firebase-auth:20.0.2] AndroidManifest.xml:36:27-73
92                <category android:name="android.intent.category.BROWSABLE" />
92-->[com.google.firebase:firebase-auth:20.0.2] AndroidManifest.xml:37:17-78
92-->[com.google.firebase:firebase-auth:20.0.2] AndroidManifest.xml:37:27-75
93
94                <data
94-->[com.google.firebase:firebase-auth:20.0.2] AndroidManifest.xml:39:17-42:51
95                    android:host="firebase.auth"
95-->[com.google.firebase:firebase-auth:20.0.2] AndroidManifest.xml:40:21-49
96                    android:path="/"
96-->[com.google.firebase:firebase-auth:20.0.2] AndroidManifest.xml:41:21-37
97                    android:scheme="genericidp" />
97-->[com.google.firebase:firebase-auth:20.0.2] AndroidManifest.xml:42:21-48
98            </intent-filter>
99        </activity>
100        <activity
100-->[com.google.firebase:firebase-auth:20.0.2] AndroidManifest.xml:45:9-62:20
101            android:name="com.google.firebase.auth.internal.RecaptchaActivity"
101-->[com.google.firebase:firebase-auth:20.0.2] AndroidManifest.xml:46:13-79
102            android:excludeFromRecents="true"
102-->[com.google.firebase:firebase-auth:20.0.2] AndroidManifest.xml:47:13-46
103            android:exported="true"
103-->[com.google.firebase:firebase-auth:20.0.2] AndroidManifest.xml:48:13-36
104            android:launchMode="singleTask"
104-->[com.google.firebase:firebase-auth:20.0.2] AndroidManifest.xml:49:13-44
105            android:theme="@android:style/Theme.Translucent.NoTitleBar" >
105-->[com.google.firebase:firebase-auth:20.0.2] AndroidManifest.xml:50:13-72
106            <intent-filter>
106-->[com.google.firebase:firebase-auth:20.0.2] AndroidManifest.xml:51:13-61:29
107                <action android:name="android.intent.action.VIEW" />
107-->[com.google.firebase:firebase-auth:20.0.2] AndroidManifest.xml:34:17-69
107-->[com.google.firebase:firebase-auth:20.0.2] AndroidManifest.xml:34:25-66
108
109                <category android:name="android.intent.category.DEFAULT" />
109-->[com.google.firebase:firebase-auth:20.0.2] AndroidManifest.xml:36:17-76
109-->[com.google.firebase:firebase-auth:20.0.2] AndroidManifest.xml:36:27-73
110                <category android:name="android.intent.category.BROWSABLE" />
110-->[com.google.firebase:firebase-auth:20.0.2] AndroidManifest.xml:37:17-78
110-->[com.google.firebase:firebase-auth:20.0.2] AndroidManifest.xml:37:27-75
111
112                <data
112-->[com.google.firebase:firebase-auth:20.0.2] AndroidManifest.xml:39:17-42:51
113                    android:host="firebase.auth"
113-->[com.google.firebase:firebase-auth:20.0.2] AndroidManifest.xml:40:21-49
114                    android:path="/"
114-->[com.google.firebase:firebase-auth:20.0.2] AndroidManifest.xml:41:21-37
115                    android:scheme="recaptcha" />
115-->[com.google.firebase:firebase-auth:20.0.2] AndroidManifest.xml:42:21-48
116            </intent-filter>
117        </activity>
118
119        <service
119-->[com.google.firebase:firebase-auth:20.0.2] AndroidManifest.xml:64:9-73:19
120            android:name="com.google.firebase.auth.api.fallback.service.FirebaseAuthFallbackService"
120-->[com.google.firebase:firebase-auth:20.0.2] AndroidManifest.xml:65:13-101
121            android:enabled="true"
121-->[com.google.firebase:firebase-auth:20.0.2] AndroidManifest.xml:66:13-35
122            android:exported="false" >
122-->[com.google.firebase:firebase-auth:20.0.2] AndroidManifest.xml:67:13-37
123            <intent-filter>
123-->[com.google.firebase:firebase-auth:20.0.2] AndroidManifest.xml:68:13-72:29
124                <action android:name="com.google.firebase.auth.api.gms.service.START" />
124-->[com.google.firebase:firebase-auth:20.0.2] AndroidManifest.xml:69:17-89
124-->[com.google.firebase:firebase-auth:20.0.2] AndroidManifest.xml:69:25-86
125
126                <category android:name="android.intent.category.DEFAULT" />
126-->[com.google.firebase:firebase-auth:20.0.2] AndroidManifest.xml:36:17-76
126-->[com.google.firebase:firebase-auth:20.0.2] AndroidManifest.xml:36:27-73
127            </intent-filter>
128        </service>
129
130        <provider
130-->[com.google.firebase:firebase-common:19.5.0] AndroidManifest.xml:26:9-31:39
131            android:name="com.google.firebase.provider.FirebaseInitProvider"
131-->[com.google.firebase:firebase-common:19.5.0] AndroidManifest.xml:27:13-77
132            android:authorities="com.pindex.main.firebaseinitprovider"
132-->[com.google.firebase:firebase-common:19.5.0] AndroidManifest.xml:28:13-72
133            android:directBootAware="true"
133-->[com.google.firebase:firebase-common:19.5.0] AndroidManifest.xml:29:13-43
134            android:exported="false"
134-->[com.google.firebase:firebase-common:19.5.0] AndroidManifest.xml:30:13-37
135            android:initOrder="100" />
135-->[com.google.firebase:firebase-common:19.5.0] AndroidManifest.xml:31:13-36
136
137        <activity
137-->[com.google.android.gms:play-services-base:17.1.0] AndroidManifest.xml:23:9-26:75
138            android:name="com.google.android.gms.common.api.GoogleApiActivity"
138-->[com.google.android.gms:play-services-base:17.1.0] AndroidManifest.xml:24:13-79
139            android:exported="false"
139-->[com.google.android.gms:play-services-base:17.1.0] AndroidManifest.xml:25:13-37
140            android:theme="@android:style/Theme.Translucent.NoTitleBar" />
140-->[com.google.android.gms:play-services-base:17.1.0] AndroidManifest.xml:26:13-72
141
142        <meta-data
142-->[com.google.android.gms:play-services-basement:17.1.0] AndroidManifest.xml:23:9-25:69
143            android:name="com.google.android.gms.version"
143-->[com.google.android.gms:play-services-basement:17.1.0] AndroidManifest.xml:24:13-58
144            android:value="@integer/google_play_services_version" />
144-->[com.google.android.gms:play-services-basement:17.1.0] AndroidManifest.xml:25:13-66
145
146        <provider
146-->[androidx.lifecycle:lifecycle-process:2.2.0] AndroidManifest.xml:25:9-29:43
147            android:name="androidx.lifecycle.ProcessLifecycleOwnerInitializer"
147-->[androidx.lifecycle:lifecycle-process:2.2.0] AndroidManifest.xml:26:13-79
148            android:authorities="com.pindex.main.lifecycle-process"
148-->[androidx.lifecycle:lifecycle-process:2.2.0] AndroidManifest.xml:27:13-69
149            android:exported="false"
149-->[androidx.lifecycle:lifecycle-process:2.2.0] AndroidManifest.xml:28:13-37
150            android:multiprocess="true" />
150-->[androidx.lifecycle:lifecycle-process:2.2.0] AndroidManifest.xml:29:13-40
151    </application>
152
153</manifest>